<?xml version="1.0" encoding="UTF-8"?>
<coverage generated="1699821235302" clover="3.2.0">
  <project timestamp="1699821235302" name="All files">
    <metrics statements="8" coveredstatements="7" conditionals="8" coveredconditionals="4" methods="3" coveredmethods="2" elements="19" coveredelements="13" complexity="0" loc="8" ncloc="8" packages="1" files="1" classes="1"/>
    <file name="Search.tsx" path="/home/daniil/Desktop/projects/rsschool/rss-react-components-2/react-components/src/components/search/Search.tsx">
      <metrics statements="8" coveredstatements="7" conditionals="8" coveredconditionals="4" methods="3" coveredmethods="2"/>
      <line num="1" count="1" type="stmt"/>
      <line num="2" count="1" type="stmt"/>
      <line num="5" count="1" type="cond" truecount="1" falsecount="1"/>
      <line num="6" count="1" type="stmt"/>
      <line num="11" count="1" type="cond" truecount="1" falsecount="1"/>
      <line num="13" count="1" type="stmt"/>
      <line num="17" count="0" type="stmt"/>
      <line num="29" count="1" type="stmt"/>
    </file>
  </project>
</coverage>
