{"/home/daniil/Desktop/projects/rsschool/rss-react-components-2/react-components/src/APIContext.tsx": {"path":"/home/daniil/Desktop/projects/rsschool/rss-react-components-2/react-components/src/APIContext.tsx","statementMap":{"0":{"start":{"line":1,"column":0},"end":{"line":1,"column":38}},"1":{"start":{"line":4,"column":13},"end":{"line":4,"column":75}}},"fnMap":{},"branchMap":{},"s":{"0":3,"1":3},"f":{},"b":{}}
,"/home/daniil/Desktop/projects/rsschool/rss-react-components-2/react-components/src/components/app/App.tsx": {"path":"/home/daniil/Desktop/projects/rsschool/rss-react-components-2/react-components/src/components/app/App.tsx","statementMap":{"0":{"start":{"line":1,"column":0},"end":{"line":1,"column":19}},"1":{"start":{"line":2,"column":0},"end":{"line":2,"column":41}},"2":{"start":{"line":3,"column":0},"end":{"line":3,"column":38}},"3":{"start":{"line":6,"column":2},"end":{"line":13,"column":4}},"4":{"start":{"line":15,"column":0},"end":{"line":15,"column":19}}},"fnMap":{"0":{"name":"App","decl":{"start":{"line":5,"column":9},"end":{"line":5,"column":12}},"loc":{"start":{"line":5,"column":12},"end":{"line":14,"column":1}}}},"branchMap":{},"s":{"0":1,"1":1,"2":1,"3":2,"4":1},"f":{"0":2},"b":{}}
,"/home/daniil/Desktop/projects/rsschool/rss-react-components-2/react-components/src/components/bigCard/BigCard.tsx": {"path":"/home/daniil/Desktop/projects/rsschool/rss-react-components-2/react-components/src/components/bigCard/BigCard.tsx","statementMap":{"0":{"start":{"line":1,"column":0},"end":{"line":1,"column":40}},"1":{"start":{"line":2,"column":0},"end":{"line":2,"column":23}},"2":{"start":{"line":17,"column":2},"end":{"line":35,"column":4}},"3":{"start":{"line":38,"column":0},"end":{"line":38,"column":23}}},"fnMap":{"0":{"name":"BigCard","decl":{"start":{"line":16,"column":9},"end":{"line":16,"column":16}},"loc":{"start":{"line":16,"column":40},"end":{"line":36,"column":1}}}},"branchMap":{},"s":{"0":2,"1":2,"2":0,"3":2},"f":{"0":0},"b":{}}
,"/home/daniil/Desktop/projects/rsschool/rss-react-components-2/react-components/src/components/card/Card.tsx": {"path":"/home/daniil/Desktop/projects/rsschool/rss-react-components-2/react-components/src/components/card/Card.tsx","statementMap":{"0":{"start":{"line":1,"column":0},"end":{"line":1,"column":20}},"1":{"start":{"line":20,"column":2},"end":{"line":32,"column":4}},"2":{"start":{"line":35,"column":0},"end":{"line":35,"column":20}}},"fnMap":{"0":{"name":"Card","decl":{"start":{"line":11,"column":9},"end":{"line":11,"column":13}},"loc":{"start":{"line":19,"column":12},"end":{"line":33,"column":1}}}},"branchMap":{},"s":{"0":2,"1":0,"2":2},"f":{"0":0},"b":{}}
,"/home/daniil/Desktop/projects/rsschool/rss-react-components-2/react-components/src/components/notFound/NotFound.tsx": {"path":"/home/daniil/Desktop/projects/rsschool/rss-react-components-2/react-components/src/components/notFound/NotFound.tsx","statementMap":{"0":{"start":{"line":1,"column":0},"end":{"line":1,"column":24}},"1":{"start":{"line":4,"column":2},"end":{"line":4,"column":62}},"2":{"start":{"line":7,"column":0},"end":{"line":7,"column":24}}},"fnMap":{"0":{"name":"NotFound","decl":{"start":{"line":3,"column":9},"end":{"line":3,"column":17}},"loc":{"start":{"line":3,"column":17},"end":{"line":5,"column":1}}}},"branchMap":{},"s":{"0":3,"1":1,"2":3},"f":{"0":1},"b":{}}
,"/home/daniil/Desktop/projects/rsschool/rss-react-components-2/react-components/src/components/outLinks/OutLinks.tsx": {"path":"/home/daniil/Desktop/projects/rsschool/rss-react-components-2/react-components/src/components/outLinks/OutLinks.tsx","statementMap":{"0":{"start":{"line":1,"column":0},"end":{"line":1,"column":35}},"1":{"start":{"line":2,"column":0},"end":{"line":2,"column":24}},"2":{"start":{"line":3,"column":0},"end":{"line":3,"column":40}},"3":{"start":{"line":4,"column":0},"end":{"line":4,"column":46}},"4":{"start":{"line":7,"column":15},"end":{"line":7,"column":37}},"5":{"start":{"line":8,"column":19},"end":{"line":23,"column":4}},"6":{"start":{"line":9,"column":4},"end":{"line":14,"column":8}},"7":{"start":{"line":10,"column":6},"end":{"line":14,"column":8}},"8":{"start":{"line":15,"column":4},"end":{"line":22,"column":null}},"9":{"start":{"line":16,"column":16},"end":{"line":16,"column":32}},"10":{"start":{"line":17,"column":6},"end":{"line":21,"column":8}},"11":{"start":{"line":24,"column":2},"end":{"line":31,"column":4}},"12":{"start":{"line":34,"column":0},"end":{"line":34,"column":24}}},"fnMap":{"0":{"name":"OutLinks","decl":{"start":{"line":6,"column":9},"end":{"line":6,"column":17}},"loc":{"start":{"line":6,"column":17},"end":{"line":32,"column":1}}},"1":{"name":"(anonymous_1)","decl":{"start":{"line":8,"column":29},"end":{"line":8,"column":30}},"loc":{"start":{"line":8,"column":40},"end":{"line":23,"column":3}}}},"branchMap":{"0":{"loc":{"start":{"line":9,"column":4},"end":{"line":14,"column":8}},"type":"if","locations":[{"start":{"line":9,"column":4},"end":{"line":14,"column":8}}]},"1":{"loc":{"start":{"line":15,"column":4},"end":{"line":22,"column":null}},"type":"if","locations":[{"start":{"line":15,"column":4},"end":{"line":22,"column":null}}]},"2":{"loc":{"start":{"line":15,"column":8},"end":{"line":15,"column":38}},"type":"binary-expr","locations":[{"start":{"line":15,"column":8},"end":{"line":15,"column":26}},{"start":{"line":15,"column":30},"end":{"line":15,"column":38}}]}},"s":{"0":2,"1":2,"2":2,"3":2,"4":1,"5":1,"6":0,"7":0,"8":0,"9":0,"10":0,"11":1,"12":2},"f":{"0":1,"1":0},"b":{"0":[0],"1":[0],"2":[0,0]}}
,"/home/daniil/Desktop/projects/rsschool/rss-react-components-2/react-components/src/components/resBoard/ResBoard.tsx": {"path":"/home/daniil/Desktop/projects/rsschool/rss-react-components-2/react-components/src/components/resBoard/ResBoard.tsx","statementMap":{"0":{"start":{"line":1,"column":0},"end":{"line":1,"column":41}},"1":{"start":{"line":2,"column":0},"end":{"line":2,"column":32}},"2":{"start":{"line":3,"column":0},"end":{"line":3,"column":24}},"3":{"start":{"line":4,"column":0},"end":{"line":4,"column":63}},"4":{"start":{"line":6,"column":0},"end":{"line":6,"column":35}},"5":{"start":{"line":7,"column":0},"end":{"line":7,"column":46}},"6":{"start":{"line":8,"column":0},"end":{"line":8,"column":44}},"7":{"start":{"line":15,"column":15},"end":{"line":15,"column":37}},"8":{"start":{"line":16,"column":14},"end":{"line":31,"column":4}},"9":{"start":{"line":17,"column":4},"end":{"line":17,"column":67}},"10":{"start":{"line":17,"column":60},"end":{"line":17,"column":67}},"11":{"start":{"line":18,"column":4},"end":{"line":30,"column":6}},"12":{"start":{"line":32,"column":2},"end":{"line":112,"column":6}},"13":{"start":{"line":33,"column":4},"end":{"line":112,"column":6}},"14":{"start":{"line":115,"column":0},"end":{"line":115,"column":24}}},"fnMap":{"0":{"name":"ResBoard","decl":{"start":{"line":14,"column":9},"end":{"line":14,"column":17}},"loc":{"start":{"line":14,"column":37},"end":{"line":113,"column":1}}},"1":{"name":"(anonymous_2)","decl":{"start":{"line":16,"column":24},"end":{"line":16,"column":25}},"loc":{"start":{"line":16,"column":53},"end":{"line":31,"column":3}}}},"branchMap":{"0":{"loc":{"start":{"line":17,"column":4},"end":{"line":17,"column":67}},"type":"if","locations":[{"start":{"line":17,"column":4},"end":{"line":17,"column":67}}]},"1":{"loc":{"start":{"line":17,"column":8},"end":{"line":17,"column":58}},"type":"binary-expr","locations":[{"start":{"line":17,"column":8},"end":{"line":17,"column":43}},{"start":{"line":17,"column":47},"end":{"line":17,"column":58}}]},"2":{"loc":{"start":{"line":17,"column":26},"end":{"line":17,"column":42}},"type":"cond-expr","locations":[{"start":{"line":17,"column":33},"end":{"line":17,"column":37}},{"start":{"line":17,"column":40},"end":{"line":17,"column":42}}]},"3":{"loc":{"start":{"line":32,"column":2},"end":{"line":112,"column":6}},"type":"if","locations":[{"start":{"line":32,"column":2},"end":{"line":112,"column":6}}]},"4":{"loc":{"start":{"line":32,"column":6},"end":{"line":32,"column":17}},"type":"binary-expr","locations":[{"start":{"line":32,"column":6},"end":{"line":32,"column":9}},{"start":{"line":32,"column":13},"end":{"line":32,"column":17}}]}},"s":{"0":2,"1":2,"2":2,"3":2,"4":2,"5":2,"6":2,"7":1,"8":1,"9":0,"10":0,"11":0,"12":1,"13":0,"14":2},"f":{"0":1,"1":0},"b":{"0":[0],"1":[0,0],"2":[0,0],"3":[0],"4":[1,0]}}
,"/home/daniil/Desktop/projects/rsschool/rss-react-components-2/react-components/src/components/results/Results.tsx": {"path":"/home/daniil/Desktop/projects/rsschool/rss-react-components-2/react-components/src/components/results/Results.tsx","statementMap":{"0":{"start":{"line":1,"column":0},"end":{"line":1,"column":44}},"1":{"start":{"line":2,"column":0},"end":{"line":2,"column":23}},"2":{"start":{"line":3,"column":0},"end":{"line":3,"column":55}},"3":{"start":{"line":4,"column":0},"end":{"line":4,"column":44}},"4":{"start":{"line":5,"column":0},"end":{"line":5,"column":44}},"5":{"start":{"line":7,"column":0},"end":{"line":7,"column":46}},"6":{"start":{"line":10,"column":26},"end":{"line":11,"column":null}},"7":{"start":{"line":13,"column":2},"end":{"line":15,"column":null}},"8":{"start":{"line":14,"column":4},"end":{"line":14,"column":78}},"9":{"start":{"line":16,"column":26},"end":{"line":16,"column":50}},"10":{"start":{"line":17,"column":14},"end":{"line":17,"column":45}},"11":{"start":{"line":19,"column":2},"end":{"line":25,"column":9}},"12":{"start":{"line":20,"column":4},"end":{"line":24,"column":9}},"13":{"start":{"line":21,"column":26},"end":{"line":21,"column":41}},"14":{"start":{"line":23,"column":8},"end":{"line":23,"column":30}},"15":{"start":{"line":27,"column":2},"end":{"line":29,"column":null}},"16":{"start":{"line":28,"column":4},"end":{"line":28,"column":57}},"17":{"start":{"line":30,"column":2},"end":{"line":43,"column":4}},"18":{"start":{"line":46,"column":0},"end":{"line":46,"column":23}}},"fnMap":{"0":{"name":"Results","decl":{"start":{"line":9,"column":9},"end":{"line":9,"column":16}},"loc":{"start":{"line":9,"column":16},"end":{"line":44,"column":1}}},"1":{"name":"(anonymous_2)","decl":{"start":{"line":19,"column":12},"end":{"line":19,"column":15}},"loc":{"start":{"line":19,"column":17},"end":{"line":25,"column":3}}},"2":{"name":"(anonymous_3)","decl":{"start":{"line":21,"column":12},"end":{"line":21,"column":13}},"loc":{"start":{"line":21,"column":26},"end":{"line":21,"column":41}}},"3":{"name":"(anonymous_4)","decl":{"start":{"line":22,"column":12},"end":{"line":22,"column":13}},"loc":{"start":{"line":22,"column":21},"end":{"line":24,"column":7}}}},"branchMap":{"0":{"loc":{"start":{"line":11,"column":4},"end":{"line":11,"column":68}},"type":"cond-expr","locations":[{"start":{"line":11,"column":35},"end":{"line":11,"column":63}},{"start":{"line":11,"column":66},"end":{"line":11,"column":68}}]},"1":{"loc":{"start":{"line":13,"column":2},"end":{"line":15,"column":null}},"type":"if","locations":[{"start":{"line":13,"column":2},"end":{"line":15,"column":null}}]},"2":{"loc":{"start":{"line":14,"column":12},"end":{"line":14,"column":76}},"type":"cond-expr","locations":[{"start":{"line":14,"column":43},"end":{"line":14,"column":71}},{"start":{"line":14,"column":74},"end":{"line":14,"column":76}}]},"3":{"loc":{"start":{"line":27,"column":2},"end":{"line":29,"column":null}},"type":"if","locations":[{"start":{"line":27,"column":2},"end":{"line":29,"column":null}}]}},"s":{"0":1,"1":1,"2":1,"3":1,"4":1,"5":1,"6":2,"7":1,"8":0,"9":1,"10":1,"11":1,"12":1,"13":1,"14":1,"15":1,"16":1,"17":0,"18":1},"f":{"0":2,"1":1,"2":1,"3":1},"b":{"0":[0,2],"1":[0],"2":[0,0],"3":[1]}}
,"/home/daniil/Desktop/projects/rsschool/rss-react-components-2/react-components/src/components/search/Search.tsx": {"path":"/home/daniil/Desktop/projects/rsschool/rss-react-components-2/react-components/src/components/search/Search.tsx","statementMap":{"0":{"start":{"line":1,"column":0},"end":{"line":1,"column":33}},"1":{"start":{"line":2,"column":0},"end":{"line":2,"column":22}},"2":{"start":{"line":5,"column":2},"end":{"line":5,"column":71}},"3":{"start":{"line":6,"column":26},"end":{"line":7,"column":null}},"4":{"start":{"line":11,"column":4},"end":{"line":11,"column":51}},"5":{"start":{"line":13,"column":2},"end":{"line":27,"column":4}},"6":{"start":{"line":17,"column":27},"end":{"line":17,"column":50}},"7":{"start":{"line":29,"column":0},"end":{"line":29,"column":22}}},"fnMap":{"0":{"name":"Search","decl":{"start":{"line":4,"column":9},"end":{"line":4,"column":15}},"loc":{"start":{"line":4,"column":15},"end":{"line":28,"column":1}}},"1":{"name":"storageSetItem","decl":{"start":{"line":10,"column":11},"end":{"line":10,"column":25}},"loc":{"start":{"line":10,"column":25},"end":{"line":12,"column":3}}},"2":{"name":"(anonymous_2)","decl":{"start":{"line":17,"column":20},"end":{"line":17,"column":21}},"loc":{"start":{"line":17,"column":27},"end":{"line":17,"column":50}}}},"branchMap":{"0":{"loc":{"start":{"line":5,"column":2},"end":{"line":5,"column":70}},"type":"cond-expr","locations":[{"start":{"line":5,"column":34},"end":{"line":5,"column":66}},{"start":{"line":5,"column":69},"end":{"line":5,"column":70}}]},"1":{"loc":{"start":{"line":7,"column":4},"end":{"line":7,"column":68}},"type":"cond-expr","locations":[{"start":{"line":7,"column":35},"end":{"line":7,"column":63}},{"start":{"line":7,"column":66},"end":{"line":7,"column":68}}]},"2":{"loc":{"start":{"line":11,"column":33},"end":{"line":11,"column":49}},"type":"cond-expr","locations":[{"start":{"line":11,"column":40},"end":{"line":11,"column":44}},{"start":{"line":11,"column":47},"end":{"line":11,"column":49}}]},"3":{"loc":{"start":{"line":18,"column":17},"end":{"line":18,"column":33}},"type":"cond-expr","locations":[{"start":{"line":18,"column":24},"end":{"line":18,"column":28}},{"start":{"line":18,"column":31},"end":{"line":18,"column":33}}]}},"s":{"0":2,"1":2,"2":2,"3":2,"4":1,"5":2,"6":0,"7":2},"f":{"0":2,"1":1,"2":0},"b":{"0":[1,1],"1":[1,1],"2":[1,0],"3":[1,1]}}
}
