{"/home/daniil/Desktop/projects/rsschool/rss-react-components-2/react-components/src/components/search/Search.tsx": {"path":"/home/daniil/Desktop/projects/rsschool/rss-react-components-2/react-components/src/components/search/Search.tsx","statementMap":{"0":{"start":{"line":1,"column":0},"end":{"line":1,"column":33}},"1":{"start":{"line":2,"column":0},"end":{"line":2,"column":22}},"2":{"start":{"line":5,"column":2},"end":{"line":5,"column":71}},"3":{"start":{"line":6,"column":26},"end":{"line":7,"column":null}},"4":{"start":{"line":11,"column":4},"end":{"line":11,"column":51}},"5":{"start":{"line":13,"column":2},"end":{"line":27,"column":4}},"6":{"start":{"line":17,"column":27},"end":{"line":17,"column":50}},"7":{"start":{"line":29,"column":0},"end":{"line":29,"column":22}}},"fnMap":{"0":{"name":"Search","decl":{"start":{"line":4,"column":9},"end":{"line":4,"column":15}},"loc":{"start":{"line":4,"column":15},"end":{"line":28,"column":1}}},"1":{"name":"storageSetItem","decl":{"start":{"line":10,"column":11},"end":{"line":10,"column":25}},"loc":{"start":{"line":10,"column":25},"end":{"line":12,"column":3}}},"2":{"name":"(anonymous_2)","decl":{"start":{"line":17,"column":20},"end":{"line":17,"column":21}},"loc":{"start":{"line":17,"column":27},"end":{"line":17,"column":50}}}},"branchMap":{"0":{"loc":{"start":{"line":5,"column":2},"end":{"line":5,"column":70}},"type":"cond-expr","locations":[{"start":{"line":5,"column":34},"end":{"line":5,"column":66}},{"start":{"line":5,"column":69},"end":{"line":5,"column":70}}]},"1":{"loc":{"start":{"line":7,"column":4},"end":{"line":7,"column":68}},"type":"cond-expr","locations":[{"start":{"line":7,"column":35},"end":{"line":7,"column":63}},{"start":{"line":7,"column":66},"end":{"line":7,"column":68}}]},"2":{"loc":{"start":{"line":11,"column":33},"end":{"line":11,"column":49}},"type":"cond-expr","locations":[{"start":{"line":11,"column":40},"end":{"line":11,"column":44}},{"start":{"line":11,"column":47},"end":{"line":11,"column":49}}]},"3":{"loc":{"start":{"line":18,"column":17},"end":{"line":18,"column":33}},"type":"cond-expr","locations":[{"start":{"line":18,"column":24},"end":{"line":18,"column":28}},{"start":{"line":18,"column":31},"end":{"line":18,"column":33}}]}},"s":{"0":1,"1":1,"2":1,"3":1,"4":1,"5":1,"6":0,"7":1},"f":{"0":1,"1":1,"2":0},"b":{"0":[0,1],"1":[1,0],"2":[1,0],"3":[1,0]}}
}
