TN:
SF:src/APIContext.tsx
FNF:0
FNH:0
DA:1,1
DA:4,1
LF:2
LH:2
BRF:0
BRH:0
end_of_record
TN:
SF:src/components/app/App.tsx
FN:5,App
FNF:1
FNH:1
FNDA:2,App
DA:1,1
DA:2,1
DA:3,1
DA:6,2
DA:15,1
LF:5
LH:5
BRF:0
BRH:0
end_of_record
TN:
SF:src/components/bigCard/BigCard.tsx
FN:16,BigCard
FNF:1
FNH:0
FNDA:0,BigCard
DA:1,1
DA:2,1
DA:17,0
DA:38,1
LF:4
LH:3
BRF:0
BRH:0
end_of_record
TN:
SF:src/components/card/Card.tsx
FN:11,Card
FNF:1
FNH:0
FNDA:0,Card
DA:1,1
DA:20,0
DA:35,1
LF:3
LH:2
BRF:0
BRH:0
end_of_record
TN:
SF:src/components/notFound/NotFound.tsx
FN:3,NotFound
FNF:1
FNH:1
FNDA:1,NotFound
DA:1,2
DA:4,1
DA:7,2
LF:3
LH:3
BRF:0
BRH:0
end_of_record
TN:
SF:src/components/outLinks/OutLinks.tsx
FN:6,OutLinks
FN:8,(anonymous_1)
FNF:2
FNH:0
FNDA:0,OutLinks
FNDA:0,(anonymous_1)
DA:1,1
DA:2,1
DA:3,1
DA:4,1
DA:7,0
DA:8,0
DA:9,0
DA:10,0
DA:15,0
DA:16,0
DA:17,0
DA:24,0
DA:31,1
LF:13
LH:5
BRDA:9,0,0,0
BRDA:15,1,0,0
BRDA:15,2,0,0
BRDA:15,2,1,0
BRF:4
BRH:0
end_of_record
TN:
SF:src/components/resBoard/ResBoard.tsx
FN:14,ResBoard
FN:16,(anonymous_2)
FNF:2
FNH:0
FNDA:0,ResBoard
FNDA:0,(anonymous_2)
DA:1,1
DA:2,1
DA:3,1
DA:4,1
DA:6,1
DA:7,1
DA:8,1
DA:15,0
DA:16,0
DA:17,0
DA:18,0
DA:32,0
DA:33,0
DA:115,1
LF:14
LH:8
BRDA:17,0,0,0
BRDA:17,1,0,0
BRDA:17,1,1,0
BRDA:17,2,0,0
BRDA:17,2,1,0
BRDA:32,3,0,0
BRDA:32,4,0,0
BRDA:32,4,1,0
BRF:8
BRH:0
end_of_record
TN:
SF:src/components/results/Results.tsx
FN:9,Results
FN:19,(anonymous_2)
FN:21,(anonymous_3)
FN:22,(anonymous_4)
FNF:4
FNH:4
FNDA:2,Results
FNDA:1,(anonymous_2)
FNDA:1,(anonymous_3)
FNDA:1,(anonymous_4)
DA:1,1
DA:2,1
DA:3,1
DA:4,1
DA:5,1
DA:7,1
DA:10,2
DA:13,1
DA:14,0
DA:16,1
DA:17,1
DA:19,1
DA:20,1
DA:21,1
DA:23,1
DA:27,1
DA:28,1
DA:30,0
DA:46,1
LF:19
LH:17
BRDA:11,0,0,0
BRDA:11,0,1,2
BRDA:13,1,0,0
BRDA:14,2,0,0
BRDA:14,2,1,0
BRDA:27,3,0,1
BRF:6
BRH:2
end_of_record
TN:
SF:src/components/search/Search.tsx
FN:4,Search
FN:10,storageSetItem
FN:17,(anonymous_2)
FNF:3
FNH:2
FNDA:2,Search
FNDA:1,storageSetItem
FNDA:0,(anonymous_2)
DA:1,2
DA:2,2
DA:5,2
DA:6,2
DA:11,1
DA:13,2
DA:17,0
DA:29,2
LF:8
LH:7
BRDA:5,0,0,1
BRDA:5,0,1,1
BRDA:7,1,0,1
BRDA:7,1,1,1
BRDA:11,2,0,1
BRDA:11,2,1,0
BRDA:18,3,0,1
BRDA:18,3,1,1
BRF:8
BRH:7
end_of_record
